<?xml version="1.0" encoding="UTF-8"?>
<testsuite xmlns:xsi="http://www.w3.org/2001/XMLSchema-instance" xsi:noNamespaceSchemaLocation="https://maven.apache.org/surefire/maven-surefire-plugin/xsd/surefire-test-report-3.0.xsd" version="3.0" name="TestEntity.VoyagesTest" time="0.098" tests="5" errors="0" skipped="0" failures="0">
  <properties>
[...]
</properties>
  <testcase name="testToArray" classname="TestEntity.VoyagesTest" time="0.045"/>
  <testcase name="testToString" classname="TestEntity.VoyagesTest" time="0.003"/>
  <testcase name="testSettersAndGetters" classname="TestEntity.VoyagesTest" time="0.001"/>
  <testcase name="testConstructorWithId" classname="TestEntity.VoyagesTest" time="0.001"/>
  <testcase name="testConstructorWithoutId" classname="TestEntity.VoyagesTest" time="0.001"/>
</testsuite>